<?xml version="1.0" encoding="UTF-8"?>
<robot generator="Robot 6.0 (Python 3.10.8 on win32)" generated="20230228 09:33:09.539" rpa="false" schemaversion="3">
<suite id="s1" name="Testes" source="F:\Tout\Importante\Programming\ROBOT\robot udemy\testes.robot">
<test id="s1-t1" name="Test Case 01 - Acessar o menu &quot;home&quot;" line="10">
<kw name="Abrir navegador" library="resources" type="SETUP">
<kw name="Open Browser" library="SeleniumLibrary">
<arg>browser=chrome</arg>
<doc>Opens a new browser instance to the optional ``url``.</doc>
<msg timestamp="20230228 09:33:09.840" level="INFO">Opening browser 'chrome' to base url 'None'.</msg>
<status status="PASS" starttime="20230228 09:33:09.840" endtime="20230228 09:33:10.951"/>
</kw>
<kw name="Maximize Browser Window" library="SeleniumLibrary">
<doc>Maximizes current browser window.</doc>
<status status="PASS" starttime="20230228 09:33:10.951" endtime="20230228 09:33:11.061"/>
</kw>
<status status="PASS" starttime="20230228 09:33:09.839" endtime="20230228 09:33:11.062"/>
</kw>
<kw name="Dado que acesso o menu da venkonetworks.com" library="resources">
<kw name="Go To" library="SeleniumLibrary">
<arg>url=${URL}</arg>
<doc>Navigates the current browser window to the provided ``url``.</doc>
<msg timestamp="20230228 09:33:11.062" level="INFO">Opening url 'https://venkonetworks.com/'</msg>
<status status="PASS" starttime="20230228 09:33:11.062" endtime="20230228 09:33:13.680"/>
</kw>
<status status="PASS" starttime="20230228 09:33:11.062" endtime="20230228 09:33:13.680"/>
</kw>
<kw name="Quando clico no menu &quot;Home&quot;" library="resources">
<kw name="Click Element" library="SeleniumLibrary">
<arg>locator=${Home}</arg>
<doc>Click the element identified by ``locator``.</doc>
<msg timestamp="20230228 09:33:13.681" level="INFO">Clicking element '//a[@class='nav-link'][contains(.,'Home (current)')]'.</msg>
<status status="PASS" starttime="20230228 09:33:13.681" endtime="20230228 09:33:14.319"/>
</kw>
<status status="PASS" starttime="20230228 09:33:13.681" endtime="20230228 09:33:14.319"/>
</kw>
<kw name="Então a página deve apresentar as informações dessa página" library="resources">
<kw name="Wait Until Element Is Visible" library="SeleniumLibrary">
<arg>locator=${Texto_Menu}</arg>
<doc>Waits until the element ``locator`` is visible.</doc>
<status status="PASS" starttime="20230228 09:33:14.320" endtime="20230228 09:33:14.400"/>
</kw>
<status status="PASS" starttime="20230228 09:33:14.320" endtime="20230228 09:33:14.400"/>
</kw>
<doc>Verifies if the home button and if it shows everything in it</doc>
<tag>menu</tag>
<status status="PASS" starttime="20230228 09:33:09.839" endtime="20230228 09:33:14.401"/>
</test>
<test id="s1-t2" name="Test Case 02 - Acessar o menu &quot;Produtos&quot;" line="18">
<kw name="Abrir navegador" library="resources" type="SETUP">
<kw name="Open Browser" library="SeleniumLibrary">
<arg>browser=chrome</arg>
<doc>Opens a new browser instance to the optional ``url``.</doc>
<msg timestamp="20230228 09:33:14.404" level="INFO">Opening browser 'chrome' to base url 'None'.</msg>
<status status="PASS" starttime="20230228 09:33:14.404" endtime="20230228 09:33:15.408"/>
</kw>
<kw name="Maximize Browser Window" library="SeleniumLibrary">
<doc>Maximizes current browser window.</doc>
<status status="PASS" starttime="20230228 09:33:15.408" endtime="20230228 09:33:15.524"/>
</kw>
<status status="PASS" starttime="20230228 09:33:14.403" endtime="20230228 09:33:15.524"/>
</kw>
<kw name="Dado que acesso o menu da venkonetworks.com" library="resources">
<kw name="Go To" library="SeleniumLibrary">
<arg>url=${URL}</arg>
<doc>Navigates the current browser window to the provided ``url``.</doc>
<msg timestamp="20230228 09:33:15.525" level="INFO">Opening url 'https://venkonetworks.com/'</msg>
<status status="PASS" starttime="20230228 09:33:15.524" endtime="20230228 09:33:18.012"/>
</kw>
<status status="PASS" starttime="20230228 09:33:15.524" endtime="20230228 09:33:18.012"/>
</kw>
<kw name="Quando clico no menu &quot;Produtos&quot;" library="resources">
<kw name="Click Element" library="SeleniumLibrary">
<arg>locator=${Produtos}</arg>
<doc>Click the element identified by ``locator``.</doc>
<msg timestamp="20230228 09:33:18.014" level="INFO">Clicking element '//a[@class='nav-link dropdown-toggle'][contains(.,'Produtos')]'.</msg>
<status status="PASS" starttime="20230228 09:33:18.013" endtime="20230228 09:33:18.054"/>
</kw>
<status status="PASS" starttime="20230228 09:33:18.013" endtime="20230228 09:33:18.054"/>
</kw>
<kw name="Então a página deve apresentar as opções de produtos" library="resources">
<kw name="Wait Until Element Is Visible" library="SeleniumLibrary">
<arg>locator=${Opçoes_Produtos}</arg>
<doc>Waits until the element ``locator`` is visible.</doc>
<status status="PASS" starttime="20230228 09:33:18.054" endtime="20230228 09:33:18.075"/>
</kw>
<status status="PASS" starttime="20230228 09:33:18.054" endtime="20230228 09:33:18.075"/>
</kw>
<doc>Verifies if the products are showing</doc>
<tag>menu</tag>
<status status="PASS" starttime="20230228 09:33:14.402" endtime="20230228 09:33:18.075"/>
</test>
<test id="s1-t3" name="Test Case 03 - Acessar o menu &quot;Produtos&quot; e selecionar &quot;XGS-PON&quot;" line="25">
<kw name="Abrir navegador" library="resources" type="SETUP">
<kw name="Open Browser" library="SeleniumLibrary">
<arg>browser=chrome</arg>
<doc>Opens a new browser instance to the optional ``url``.</doc>
<msg timestamp="20230228 09:33:18.078" level="INFO">Opening browser 'chrome' to base url 'None'.</msg>
<status status="PASS" starttime="20230228 09:33:18.078" endtime="20230228 09:33:19.074"/>
</kw>
<kw name="Maximize Browser Window" library="SeleniumLibrary">
<doc>Maximizes current browser window.</doc>
<status status="PASS" starttime="20230228 09:33:19.074" endtime="20230228 09:33:19.191"/>
</kw>
<status status="PASS" starttime="20230228 09:33:18.077" endtime="20230228 09:33:19.191"/>
</kw>
<kw name="Dado que acesso o menu da venkonetworks.com" library="resources">
<kw name="Go To" library="SeleniumLibrary">
<arg>url=${URL}</arg>
<doc>Navigates the current browser window to the provided ``url``.</doc>
<msg timestamp="20230228 09:33:19.192" level="INFO">Opening url 'https://venkonetworks.com/'</msg>
<status status="PASS" starttime="20230228 09:33:19.192" endtime="20230228 09:33:21.417"/>
</kw>
<status status="PASS" starttime="20230228 09:33:19.192" endtime="20230228 09:33:21.417"/>
</kw>
<kw name="Quando clico no menu &quot;Produtos&quot;" library="resources">
<kw name="Click Element" library="SeleniumLibrary">
<arg>locator=${Produtos}</arg>
<doc>Click the element identified by ``locator``.</doc>
<msg timestamp="20230228 09:33:21.418" level="INFO">Clicking element '//a[@class='nav-link dropdown-toggle'][contains(.,'Produtos')]'.</msg>
<status status="PASS" starttime="20230228 09:33:21.418" endtime="20230228 09:33:21.475"/>
</kw>
<status status="PASS" starttime="20230228 09:33:21.417" endtime="20230228 09:33:21.476"/>
</kw>
<kw name="E seleciono &quot;XGS-PON&quot;" library="resources">
<kw name="Click Element" library="SeleniumLibrary">
<arg>locator=//a[@class='dropdown-item'][contains(.,'XGS-PON')]</arg>
<doc>Click the element identified by ``locator``.</doc>
<msg timestamp="20230228 09:33:21.479" level="INFO">Clicking element '//a[@class='dropdown-item'][contains(.,'XGS-PON')]'.</msg>
<status status="PASS" starttime="20230228 09:33:21.478" endtime="20230228 09:33:22.107"/>
</kw>
<status status="PASS" starttime="20230228 09:33:21.477" endtime="20230228 09:33:22.107"/>
</kw>
<kw name="Então a página do produto XGS-PON é mostrada" library="resources">
<kw name="Wait Until Element Is Visible" library="SeleniumLibrary">
<arg>locator=//h3[contains(.,'XGS-PON')]</arg>
<doc>Waits until the element ``locator`` is visible.</doc>
<status status="PASS" starttime="20230228 09:33:22.108" endtime="20230228 09:33:22.138"/>
</kw>
<status status="PASS" starttime="20230228 09:33:22.108" endtime="20230228 09:33:22.139"/>
</kw>
<status status="PASS" starttime="20230228 09:33:18.076" endtime="20230228 09:33:22.139"/>
</test>
<test id="s1-t4" name="Test Case 05 - Acessar o menu &quot;Produtos&quot; e selecionar &quot;SD-WAN&quot;" line="41">
<kw name="Abrir navegador" library="resources" type="SETUP">
<kw name="Open Browser" library="SeleniumLibrary">
<arg>browser=chrome</arg>
<doc>Opens a new browser instance to the optional ``url``.</doc>
<msg timestamp="20230228 09:33:22.142" level="INFO">Opening browser 'chrome' to base url 'None'.</msg>
<status status="PASS" starttime="20230228 09:33:22.141" endtime="20230228 09:33:23.196"/>
</kw>
<kw name="Maximize Browser Window" library="SeleniumLibrary">
<doc>Maximizes current browser window.</doc>
<status status="PASS" starttime="20230228 09:33:23.196" endtime="20230228 09:33:23.312"/>
</kw>
<status status="PASS" starttime="20230228 09:33:22.141" endtime="20230228 09:33:23.312"/>
</kw>
<kw name="Dado que acesso o menu da venkonetworks.com" library="resources">
<kw name="Go To" library="SeleniumLibrary">
<arg>url=${URL}</arg>
<doc>Navigates the current browser window to the provided ``url``.</doc>
<msg timestamp="20230228 09:33:23.313" level="INFO">Opening url 'https://venkonetworks.com/'</msg>
<status status="PASS" starttime="20230228 09:33:23.313" endtime="20230228 09:33:25.733"/>
</kw>
<status status="PASS" starttime="20230228 09:33:23.313" endtime="20230228 09:33:25.733"/>
</kw>
<kw name="Quando clico no menu &quot;Produtos&quot;" library="resources">
<kw name="Click Element" library="SeleniumLibrary">
<arg>locator=${Produtos}</arg>
<doc>Click the element identified by ``locator``.</doc>
<msg timestamp="20230228 09:33:25.734" level="INFO">Clicking element '//a[@class='nav-link dropdown-toggle'][contains(.,'Produtos')]'.</msg>
<status status="PASS" starttime="20230228 09:33:25.734" endtime="20230228 09:33:25.775"/>
</kw>
<status status="PASS" starttime="20230228 09:33:25.733" endtime="20230228 09:33:25.776"/>
</kw>
<kw name="E seleciono &quot;SD-WAN&quot;" library="resources">
<kw name="Click Element" library="SeleniumLibrary">
<arg>locator=//a[@class='dropdown-item'][contains(.,'SD-WAN')]</arg>
<doc>Click the element identified by ``locator``.</doc>
<msg timestamp="20230228 09:33:25.777" level="INFO">Clicking element '//a[@class='dropdown-item'][contains(.,'SD-WAN')]'.</msg>
<status status="PASS" starttime="20230228 09:33:25.776" endtime="20230228 09:33:26.162"/>
</kw>
<status status="PASS" starttime="20230228 09:33:25.776" endtime="20230228 09:33:26.162"/>
</kw>
<kw name="Então a página do produto SD-WAN é mostrada" library="resources">
<kw name="Wait Until Element Is Visible" library="SeleniumLibrary">
<arg>locator=//h3[contains(.,'SD-WAN')]</arg>
<doc>Waits until the element ``locator`` is visible.</doc>
<status status="PASS" starttime="20230228 09:33:26.163" endtime="20230228 09:33:26.183"/>
</kw>
<status status="PASS" starttime="20230228 09:33:26.163" endtime="20230228 09:33:26.183"/>
</kw>
<status status="PASS" starttime="20230228 09:33:22.140" endtime="20230228 09:33:26.184"/>
</test>
<test id="s1-t5" name="Test Case 06 - Acessar o menu &quot;Produtos&quot; e selecionar &quot;Network Appliance&quot;" line="47">
<kw name="Abrir navegador" library="resources" type="SETUP">
<kw name="Open Browser" library="SeleniumLibrary">
<arg>browser=chrome</arg>
<doc>Opens a new browser instance to the optional ``url``.</doc>
<msg timestamp="20230228 09:33:26.186" level="INFO">Opening browser 'chrome' to base url 'None'.</msg>
<status status="PASS" starttime="20230228 09:33:26.186" endtime="20230228 09:33:27.225"/>
</kw>
<kw name="Maximize Browser Window" library="SeleniumLibrary">
<doc>Maximizes current browser window.</doc>
<status status="PASS" starttime="20230228 09:33:27.225" endtime="20230228 09:33:27.339"/>
</kw>
<status status="PASS" starttime="20230228 09:33:26.186" endtime="20230228 09:33:27.339"/>
</kw>
<kw name="Dado que acesso o menu da venkonetworks.com" library="resources">
<kw name="Go To" library="SeleniumLibrary">
<arg>url=${URL}</arg>
<doc>Navigates the current browser window to the provided ``url``.</doc>
<msg timestamp="20230228 09:33:27.340" level="INFO">Opening url 'https://venkonetworks.com/'</msg>
<status status="PASS" starttime="20230228 09:33:27.339" endtime="20230228 09:33:29.687"/>
</kw>
<status status="PASS" starttime="20230228 09:33:27.339" endtime="20230228 09:33:29.688"/>
</kw>
<kw name="Quando clico no menu &quot;Produtos&quot;" library="resources">
<kw name="Click Element" library="SeleniumLibrary">
<arg>locator=${Produtos}</arg>
<doc>Click the element identified by ``locator``.</doc>
<msg timestamp="20230228 09:33:29.689" level="INFO">Clicking element '//a[@class='nav-link dropdown-toggle'][contains(.,'Produtos')]'.</msg>
<status status="PASS" starttime="20230228 09:33:29.688" endtime="20230228 09:33:29.732"/>
</kw>
<status status="PASS" starttime="20230228 09:33:29.688" endtime="20230228 09:33:29.732"/>
</kw>
<kw name="E seleciono &quot;Network Appliance&quot;" library="resources">
<kw name="Click Element" library="SeleniumLibrary">
<arg>locator=//a[@class='dropdown-item'][contains(.,'Network Appliance')]</arg>
<doc>Click the element identified by ``locator``.</doc>
<msg timestamp="20230228 09:33:29.734" level="INFO">Clicking element '//a[@class='dropdown-item'][contains(.,'Network Appliance')]'.</msg>
<status status="PASS" starttime="20230228 09:33:29.733" endtime="20230228 09:33:30.450"/>
</kw>
<status status="PASS" starttime="20230228 09:33:29.733" endtime="20230228 09:33:30.450"/>
</kw>
<kw name="Então a página do produto Network Appliance é mostrada" library="resources">
<kw name="Wait Until Element Is Visible" library="SeleniumLibrary">
<arg>locator=//h4[@class='tit-page'][contains(.,'Network Appliance')]</arg>
<doc>Waits until the element ``locator`` is visible.</doc>
<status status="PASS" starttime="20230228 09:33:30.451" endtime="20230228 09:33:30.470"/>
</kw>
<status status="PASS" starttime="20230228 09:33:30.450" endtime="20230228 09:33:30.470"/>
</kw>
<status status="PASS" starttime="20230228 09:33:26.185" endtime="20230228 09:33:30.471"/>
</test>
<test id="s1-t6" name="Test Case 07 - Acessar o menu &quot;Serviços&quot;" line="53">
<kw name="Abrir navegador" library="resources" type="SETUP">
<kw name="Open Browser" library="SeleniumLibrary">
<arg>browser=chrome</arg>
<doc>Opens a new browser instance to the optional ``url``.</doc>
<msg timestamp="20230228 09:33:30.473" level="INFO">Opening browser 'chrome' to base url 'None'.</msg>
<status status="PASS" starttime="20230228 09:33:30.473" endtime="20230228 09:33:31.514"/>
</kw>
<kw name="Maximize Browser Window" library="SeleniumLibrary">
<doc>Maximizes current browser window.</doc>
<status status="PASS" starttime="20230228 09:33:31.514" endtime="20230228 09:33:31.640"/>
</kw>
<status status="PASS" starttime="20230228 09:33:30.472" endtime="20230228 09:33:31.640"/>
</kw>
<kw name="Dado que acesso o menu da venkonetworks.com" library="resources">
<kw name="Go To" library="SeleniumLibrary">
<arg>url=${URL}</arg>
<doc>Navigates the current browser window to the provided ``url``.</doc>
<msg timestamp="20230228 09:33:31.641" level="INFO">Opening url 'https://venkonetworks.com/'</msg>
<status status="PASS" starttime="20230228 09:33:31.641" endtime="20230228 09:33:33.803"/>
</kw>
<status status="PASS" starttime="20230228 09:33:31.641" endtime="20230228 09:33:33.803"/>
</kw>
<kw name="Quando clico no menu &quot;Serviços&quot;" library="resources">
<kw name="Click Element" library="SeleniumLibrary">
<arg>locator=${Serviços}</arg>
<doc>Click the element identified by ``locator``.</doc>
<msg timestamp="20230228 09:33:33.804" level="INFO">Clicking element '//a[@class='nav-link dropdown-toggle'][contains(.,'Serviços')]'.</msg>
<status status="PASS" starttime="20230228 09:33:33.804" endtime="20230228 09:33:33.849"/>
</kw>
<status status="PASS" starttime="20230228 09:33:33.804" endtime="20230228 09:33:33.849"/>
</kw>
<kw name="Então a página deve apresentar as opções de serviços" library="resources">
<kw name="Wait Until Element Is Visible" library="SeleniumLibrary">
<arg>locator=${Opçoes_Serviços}</arg>
<doc>Waits until the element ``locator`` is visible.</doc>
<msg timestamp="20230228 09:33:39.130" level="INFO" html="true">&lt;/td&gt;&lt;/tr&gt;&lt;tr&gt;&lt;td colspan="3"&gt;&lt;a href="selenium-screenshot-3.png"&gt;&lt;img src="selenium-screenshot-3.png" width="800px"&gt;&lt;/a&gt;</msg>
<msg timestamp="20230228 09:33:39.130" level="FAIL">Element '//div[@class='dropdown-menu show'][contains(.,'P&amp;D Serviços Profissionais Consultoria')]' not visible after 5 seconds.</msg>
<status status="FAIL" starttime="20230228 09:33:33.850" endtime="20230228 09:33:39.150"/>
</kw>
<status status="FAIL" starttime="20230228 09:33:33.849" endtime="20230228 09:33:39.150"/>
</kw>
<doc>Verifies if the services are showing</doc>
<tag>menu</tag>
<tag>services</tag>
<status status="FAIL" starttime="20230228 09:33:30.472" endtime="20230228 09:33:39.151">Element '//div[@class='dropdown-menu show'][contains(.,'P&amp;D Serviços Profissionais Consultoria')]' not visible after 5 seconds.</status>
</test>
<test id="s1-t7" name="Test Case 08 - Acessar o menu &quot;Serviços&quot; e selecionar &quot;P&amp;D&quot;" line="61">
<kw name="Abrir navegador" library="resources" type="SETUP">
<kw name="Open Browser" library="SeleniumLibrary">
<arg>browser=chrome</arg>
<doc>Opens a new browser instance to the optional ``url``.</doc>
<msg timestamp="20230228 09:33:39.153" level="INFO">Opening browser 'chrome' to base url 'None'.</msg>
<status status="PASS" starttime="20230228 09:33:39.153" endtime="20230228 09:33:40.190"/>
</kw>
<kw name="Maximize Browser Window" library="SeleniumLibrary">
<doc>Maximizes current browser window.</doc>
<status status="PASS" starttime="20230228 09:33:40.191" endtime="20230228 09:33:40.316"/>
</kw>
<status status="PASS" starttime="20230228 09:33:39.152" endtime="20230228 09:33:40.316"/>
</kw>
<kw name="Dado que acesso o menu da venkonetworks.com" library="resources">
<kw name="Go To" library="SeleniumLibrary">
<arg>url=${URL}</arg>
<doc>Navigates the current browser window to the provided ``url``.</doc>
<msg timestamp="20230228 09:33:40.317" level="INFO">Opening url 'https://venkonetworks.com/'</msg>
<status status="PASS" starttime="20230228 09:33:40.317" endtime="20230228 09:33:42.722"/>
</kw>
<status status="PASS" starttime="20230228 09:33:40.317" endtime="20230228 09:33:42.722"/>
</kw>
<kw name="Quando clico no menu &quot;Serviços&quot;" library="resources">
<kw name="Click Element" library="SeleniumLibrary">
<arg>locator=${Serviços}</arg>
<doc>Click the element identified by ``locator``.</doc>
<msg timestamp="20230228 09:33:42.723" level="INFO">Clicking element '//a[@class='nav-link dropdown-toggle'][contains(.,'Serviços')]'.</msg>
<status status="PASS" starttime="20230228 09:33:42.723" endtime="20230228 09:33:42.769"/>
</kw>
<status status="PASS" starttime="20230228 09:33:42.723" endtime="20230228 09:33:42.769"/>
</kw>
<kw name="E seleciono &quot;P&amp;D&quot;" library="resources">
<kw name="Click Element" library="SeleniumLibrary">
<arg>locator=//a[@class='dropdown-item'][contains(.,'P&amp;D')]</arg>
<doc>Click the element identified by ``locator``.</doc>
<msg timestamp="20230228 09:33:42.770" level="INFO">Clicking element '//a[@class='dropdown-item'][contains(.,'P&amp;D')]'.</msg>
<status status="PASS" starttime="20230228 09:33:42.770" endtime="20230228 09:33:43.153"/>
</kw>
<status status="PASS" starttime="20230228 09:33:42.769" endtime="20230228 09:33:43.153"/>
</kw>
<kw name="Então a página do serviço P&amp;D é mostrada" library="resources">
<kw name="Wait Until Element Is Visible" library="SeleniumLibrary">
<arg>locator=//h4[@class='tit-page'][contains(.,'P&amp;D')]</arg>
<doc>Waits until the element ``locator`` is visible.</doc>
<status status="PASS" starttime="20230228 09:33:43.154" endtime="20230228 09:33:43.175"/>
</kw>
<status status="PASS" starttime="20230228 09:33:43.154" endtime="20230228 09:33:43.175"/>
</kw>
<doc>Verifies if the services are showing</doc>
<tag>menu</tag>
<tag>services</tag>
<status status="PASS" starttime="20230228 09:33:39.152" endtime="20230228 09:33:43.175"/>
</test>
<test id="s1-t8" name="Test Case 09 - Acessar o menu &quot;Venkonnect&quot;" line="70">
<kw name="Abrir navegador" library="resources" type="SETUP">
<kw name="Open Browser" library="SeleniumLibrary">
<arg>browser=chrome</arg>
<doc>Opens a new browser instance to the optional ``url``.</doc>
<msg timestamp="20230228 09:33:43.177" level="INFO">Opening browser 'chrome' to base url 'None'.</msg>
<status status="PASS" starttime="20230228 09:33:43.177" endtime="20230228 09:33:44.203"/>
</kw>
<kw name="Maximize Browser Window" library="SeleniumLibrary">
<doc>Maximizes current browser window.</doc>
<status status="PASS" starttime="20230228 09:33:44.203" endtime="20230228 09:33:44.331"/>
</kw>
<status status="PASS" starttime="20230228 09:33:43.177" endtime="20230228 09:33:44.331"/>
</kw>
<kw name="Dado que acesso o menu da venkonetworks.com" library="resources">
<kw name="Go To" library="SeleniumLibrary">
<arg>url=${URL}</arg>
<doc>Navigates the current browser window to the provided ``url``.</doc>
<msg timestamp="20230228 09:33:44.332" level="INFO">Opening url 'https://venkonetworks.com/'</msg>
<status status="PASS" starttime="20230228 09:33:44.332" endtime="20230228 09:33:46.614"/>
</kw>
<status status="PASS" starttime="20230228 09:33:44.332" endtime="20230228 09:33:46.614"/>
</kw>
<kw name="Quando clico no menu &quot;Venkonnect&quot;" library="resources">
<kw name="Click Element" library="SeleniumLibrary">
<arg>locator=//a[@class='nav-link'][contains(.,'Venkonnect')]</arg>
<doc>Click the element identified by ``locator``.</doc>
<msg timestamp="20230228 09:33:46.616" level="INFO">Clicking element '//a[@class='nav-link'][contains(.,'Venkonnect')]'.</msg>
<status status="PASS" starttime="20230228 09:33:46.616" endtime="20230228 09:33:48.004"/>
</kw>
<status status="PASS" starttime="20230228 09:33:46.615" endtime="20230228 09:33:48.004"/>
</kw>
<kw name="Então a página deve apresentar a página &quot;Venkonnect&quot;" library="resources">
<kw name="Wait Until Element Is Visible" library="SeleniumLibrary">
<arg>locator=//div[@align='center'][contains(.,'Leia nosssas notícias')]</arg>
<doc>Waits until the element ``locator`` is visible.</doc>
<status status="PASS" starttime="20230228 09:33:48.004" endtime="20230228 09:33:48.025"/>
</kw>
<status status="PASS" starttime="20230228 09:33:48.004" endtime="20230228 09:33:48.025"/>
</kw>
<doc>Verifies if the option venkonnect is clicked and showed</doc>
<tag>menu</tag>
<tag>venkonnect</tag>
<status status="PASS" starttime="20230228 09:33:43.176" endtime="20230228 09:33:48.025"/>
</test>
<test id="s1-t9" name="Test Case 07 - Acessar o menu &quot;Suporte&quot;" line="78">
<kw name="Abrir navegador" library="resources" type="SETUP">
<kw name="Open Browser" library="SeleniumLibrary">
<arg>browser=chrome</arg>
<doc>Opens a new browser instance to the optional ``url``.</doc>
<msg timestamp="20230228 09:33:48.027" level="INFO">Opening browser 'chrome' to base url 'None'.</msg>
<status status="PASS" starttime="20230228 09:33:48.027" endtime="20230228 09:33:49.062"/>
</kw>
<kw name="Maximize Browser Window" library="SeleniumLibrary">
<doc>Maximizes current browser window.</doc>
<status status="PASS" starttime="20230228 09:33:49.063" endtime="20230228 09:33:49.189"/>
</kw>
<status status="PASS" starttime="20230228 09:33:48.026" endtime="20230228 09:33:49.190"/>
</kw>
<kw name="Dado que acesso o menu da venkonetworks.com" library="resources">
<kw name="Go To" library="SeleniumLibrary">
<arg>url=${URL}</arg>
<doc>Navigates the current browser window to the provided ``url``.</doc>
<msg timestamp="20230228 09:33:49.190" level="INFO">Opening url 'https://venkonetworks.com/'</msg>
<status status="PASS" starttime="20230228 09:33:49.190" endtime="20230228 09:33:51.387"/>
</kw>
<status status="PASS" starttime="20230228 09:33:49.190" endtime="20230228 09:33:51.387"/>
</kw>
<kw name="Quando clico no menu &quot;Suporte&quot;" library="resources">
<kw name="Click Element" library="SeleniumLibrary">
<arg>locator=//a[@class='nav-link'][contains(.,'Suporte')]</arg>
<doc>Click the element identified by ``locator``.</doc>
<msg timestamp="20230228 09:33:51.389" level="INFO">Clicking element '//a[@class='nav-link'][contains(.,'Suporte')]'.</msg>
<status status="PASS" starttime="20230228 09:33:51.388" endtime="20230228 09:33:51.679"/>
</kw>
<status status="PASS" starttime="20230228 09:33:51.388" endtime="20230228 09:33:51.679"/>
</kw>
<kw name="Então a página deve apresentar a página &quot;Suporte&quot;" library="resources">
<kw name="Wait Until Element Is Visible" library="SeleniumLibrary">
<arg>locator=//h3[contains(.,'Suporte')]</arg>
<doc>Waits until the element ``locator`` is visible.</doc>
<status status="PASS" starttime="20230228 09:33:51.680" endtime="20230228 09:33:51.700"/>
</kw>
<status status="PASS" starttime="20230228 09:33:51.679" endtime="20230228 09:33:51.700"/>
</kw>
<doc>Verifies if the support is clicked and showed</doc>
<tag>menu</tag>
<tag>suporte</tag>
<status status="PASS" starttime="20230228 09:33:48.026" endtime="20230228 09:33:51.701"/>
</test>
<test id="s1-t10" name="Test Case 07 - Acessar o menu &quot;Empresa&quot;" line="86">
<kw name="Abrir navegador" library="resources" type="SETUP">
<kw name="Open Browser" library="SeleniumLibrary">
<arg>browser=chrome</arg>
<doc>Opens a new browser instance to the optional ``url``.</doc>
<msg timestamp="20230228 09:33:51.702" level="INFO">Opening browser 'chrome' to base url 'None'.</msg>
<status status="PASS" starttime="20230228 09:33:51.702" endtime="20230228 09:33:52.748"/>
</kw>
<kw name="Maximize Browser Window" library="SeleniumLibrary">
<doc>Maximizes current browser window.</doc>
<status status="PASS" starttime="20230228 09:33:52.748" endtime="20230228 09:33:52.872"/>
</kw>
<status status="PASS" starttime="20230228 09:33:51.702" endtime="20230228 09:33:52.872"/>
</kw>
<kw name="Dado que acesso o menu da venkonetworks.com" library="resources">
<kw name="Go To" library="SeleniumLibrary">
<arg>url=${URL}</arg>
<doc>Navigates the current browser window to the provided ``url``.</doc>
<msg timestamp="20230228 09:33:52.873" level="INFO">Opening url 'https://venkonetworks.com/'</msg>
<status status="PASS" starttime="20230228 09:33:52.873" endtime="20230228 09:33:55.340"/>
</kw>
<status status="PASS" starttime="20230228 09:33:52.873" endtime="20230228 09:33:55.340"/>
</kw>
<kw name="Quando clico no menu &quot;Empresa&quot;" library="resources">
<kw name="Click Element" library="SeleniumLibrary">
<arg>locator=//a[@class='nav-link'][contains(.,'Empresa')]</arg>
<doc>Click the element identified by ``locator``.</doc>
<msg timestamp="20230228 09:33:55.341" level="INFO">Clicking element '//a[@class='nav-link'][contains(.,'Empresa')]'.</msg>
<status status="PASS" starttime="20230228 09:33:55.341" endtime="20230228 09:33:55.709"/>
</kw>
<status status="PASS" starttime="20230228 09:33:55.341" endtime="20230228 09:33:55.709"/>
</kw>
<kw name="Então a página deve apresentar a página &quot;Empresa&quot;" library="resources">
<kw name="Wait Until Element Is Visible" library="SeleniumLibrary">
<arg>locator=//h3[contains(.,'Empresa')]</arg>
<doc>Waits until the element ``locator`` is visible.</doc>
<status status="PASS" starttime="20230228 09:33:55.710" endtime="20230228 09:33:55.729"/>
</kw>
<status status="PASS" starttime="20230228 09:33:55.710" endtime="20230228 09:33:55.729"/>
</kw>
<doc>Verifies if "Empresa" is clicked and showed</doc>
<tag>empresa</tag>
<tag>menu</tag>
<status status="PASS" starttime="20230228 09:33:51.701" endtime="20230228 09:33:55.730"/>
</test>
<doc>Test suites para o site da Venko</doc>
<status status="FAIL" starttime="20230228 09:33:09.541" endtime="20230228 09:33:55.732"/>
</suite>
<statistics>
<total>
<stat pass="9" fail="1" skip="0">All Tests</stat>
</total>
<tag>
<stat pass="1" fail="0" skip="0">empresa</stat>
<stat pass="6" fail="1" skip="0">menu</stat>
<stat pass="1" fail="1" skip="0">services</stat>
<stat pass="1" fail="0" skip="0">suporte</stat>
<stat pass="1" fail="0" skip="0">venkonnect</stat>
</tag>
<suite>
<stat pass="9" fail="1" skip="0" id="s1" name="Testes">Testes</stat>
</suite>
</statistics>
<errors>
<msg timestamp="20230228 09:33:09.836" level="ERROR">Error in file 'F:\Tout\Importante\Programming\ROBOT\robot udemy\resources.robot' on line 3: Importing library 'Browser' failed: ModuleNotFoundError: No module named 'Browser'
Traceback (most recent call last):
  None
PYTHONPATH:
  C:\Users\user\AppData\Local\Programs\Python\Python310\Scripts\robot.exe
  C:\Users\user\AppData\Local\Programs\Python\Python310\python310.zip
  C:\Users\user\AppData\Local\Programs\Python\Python310\DLLs
  C:\Users\user\AppData\Local\Programs\Python\Python310\lib
  C:\Users\user\AppData\Local\Programs\Python\Python310
  C:\Users\user\AppData\Local\Programs\Python\Python310\lib\site-packages</msg>
</errors>
</robot>
